<?xml version="1.0" encoding="UTF-8"?>
<!-- Generated by org.testng.reporters.JUnitReportReporter -->
<testsuite hostname="aspire1437" name="com.temenos.testscripts.QuickTransfer" tests="5" failures="0" timestamp="20 Nov 2017 18:50:48 GMT" time="223.563" errors="0">
  <testcase name="TC_TCIB_QUICKTRANSFER_005" time="61.223" classname="com.temenos.testscripts.QuickTransfer"/>
  <testcase name="TC_TCIB_QUICKTRANSFER_001" time="37.110" classname="com.temenos.testscripts.QuickTransfer"/>
  <testcase name="TC_TCIB_QUICKTRANSFER_003" time="30.139" classname="com.temenos.testscripts.QuickTransfer"/>
  <testcase name="TC_TCIB_QUICKTRANSFER_002" time="53.159" classname="com.temenos.testscripts.QuickTransfer"/>
  <testcase name="TC_TCIB_QUICKTRANSFER_004" time="41.932" classname="com.temenos.testscripts.QuickTransfer"/>
</testsuite> <!-- com.temenos.testscripts.QuickTransfer -->
