<?xml version="1.0" encoding="UTF-8"?>
<!-- Generated by org.testng.reporters.JUnitReportReporter -->
<testsuite hostname="Pavi-PC" name="com.temenos.testscripts.LoginTest" tests="1" failures="0" timestamp="9 Jan 2018 02:01:04 GMT" time="53.814" errors="0">
  <testcase name="verifyLogin" time="53.814" classname="com.temenos.testscripts.LoginTest"/>
</testsuite> <!-- com.temenos.testscripts.LoginTest -->
