<?xml version="1.0" encoding="UTF-8"?>
<!-- Generated by org.testng.reporters.JUnitReportReporter -->
<testsuite hostname="Pavi-PC" name="com.temenos.testscripts.AccountPageTest" tests="5" failures="0" timestamp="9 Jan 2018 04:29:21 GMT" time="531.827" errors="0">
  <testcase name="TC_TCIB_AccountPage_001" time="99.860" classname="com.temenos.testscripts.AccountPageTest"/>
  <testcase name="TC_TCIB_AccountPage_003" time="98.685" classname="com.temenos.testscripts.AccountPageTest"/>
  <testcase name="TC_TCIB_AccountPage_004" time="104.272" classname="com.temenos.testscripts.AccountPageTest"/>
  <testcase name="TC_TCIB_AccountPage_005" time="123.910" classname="com.temenos.testscripts.AccountPageTest"/>
  <testcase name="TC_TCIB_AccountPage_002" time="105.100" classname="com.temenos.testscripts.AccountPageTest"/>
</testsuite> <!-- com.temenos.testscripts.AccountPageTest -->
