<?xml version="1.0" encoding="UTF-8"?>
<!-- Generated by org.testng.reporters.JUnitReportReporter -->
<testsuite hostname="aspire1437" name="com.temenos.testscripts.AllAccounts_RecentTransactionTest" tests="1" failures="0" timestamp="20 Nov 2017 18:50:48 GMT" time="33.354" errors="0">
  <testcase name="TC_TCIB_AccountPageRecentTransaction_001" time="33.354" classname="com.temenos.testscripts.AllAccounts_RecentTransactionTest"/>
</testsuite> <!-- com.temenos.testscripts.AllAccounts_RecentTransactionTest -->
