<?xml version="1.0" encoding="UTF-8"?>
<!-- Generated by org.testng.reporters.JUnitReportReporter -->
<testsuite hostname="aspire1115" name="com.temenos.customization.CustomizationTestScripts$ManagePayees" tests="1" failures="0" timestamp="9 Nov 2017 11:17:05 GMT" time="0.009" errors="1">
  <testcase name="TC_TCIB_ManagePayees010" time="0.009" classname="com.temenos.customization.CustomizationTestScripts$ManagePayees">
    <error type="java.lang.IllegalAccessException" message="Class org.testng.internal.MethodInvocationHelper can not access a member of class com.temenos.customization.CustomizationTestScripts$ManagePayees with modifiers &quot;public&quot;">
      <![CDATA[java.lang.IllegalAccessException: Class org.testng.internal.MethodInvocationHelper can not access a member of class com.temenos.customization.CustomizationTestScripts$ManagePayees with modifiers "public"
	at sun.reflect.Reflection.ensureMemberAccess(Unknown Source)
	at java.lang.reflect.AccessibleObject.slowCheckMemberAccess(Unknown Source)
	at java.lang.reflect.AccessibleObject.checkAccess(Unknown Source)
	at java.lang.reflect.Method.invoke(Unknown Source)
	at org.testng.internal.MethodInvocationHelper.invokeMethod(MethodInvocationHelper.java:85)
	at org.testng.internal.Invoker.invokeMethod(Invoker.java:659)
	at org.testng.internal.Invoker.invokeTestMethod(Invoker.java:845)
	at org.testng.internal.TestMethodWithDataProviderMethodWorker.call(TestMethodWithDataProviderMethodWorker.java:75)
	at org.testng.internal.TestMethodWithDataProviderMethodWorker.call(TestMethodWithDataProviderMethodWorker.java:14)
	at java.util.concurrent.FutureTask.run(Unknown Source)
	at java.util.concurrent.Executors$RunnableAdapter.call(Unknown Source)
	at java.util.concurrent.FutureTask.run(Unknown Source)
	at java.util.concurrent.ThreadPoolExecutor.runWorker(Unknown Source)
	at java.util.concurrent.ThreadPoolExecutor$Worker.run(Unknown Source)
	at java.lang.Thread.run(Unknown Source)
]]>
    </error>
  </testcase> <!-- TC_TCIB_ManagePayees010 -->
</testsuite> <!-- com.temenos.customization.CustomizationTestScripts$ManagePayees -->
