<?xml version="1.0" encoding="UTF-8"?>
<!-- Generated by org.testng.reporters.JUnitReportReporter -->
<testsuite hostname="aspire1437" name="com.temenos.testscripts.SettingTest" tests="1" failures="0" timestamp="20 Nov 2017 18:50:48 GMT" time="79.812" errors="0">
  <testcase name="verifySetingsFunctionality" time="79.812" classname="com.temenos.testscripts.SettingTest"/>
</testsuite> <!-- com.temenos.testscripts.SettingTest -->
