<?xml version="1.0" encoding="UTF-8"?>
<!-- Generated by org.testng.reporters.JUnitReportReporter -->
<testsuite hostname="aspire1115" name="com.temenos.testscripts.TransfersAndStandingOrd" tests="1" failures="0" timestamp="26 Oct 2017 08:12:32 GMT" time="81.036" errors="0">
  <testcase name="TC_TCIB_StandinOrder_018" time="81.036" classname="com.temenos.testscripts.TransfersAndStandingOrd"/>
</testsuite> <!-- com.temenos.testscripts.TransfersAndStandingOrd -->
