<?xml version="1.0" encoding="UTF-8"?>
<!-- Generated by org.testng.reporters.JUnitReportReporter -->
<testsuite hostname="aspire1115" name="com.temenos.testscripts.DiscoverNewTest" tests="1" failures="0" timestamp="26 Oct 2017 12:00:03 GMT" time="45.588" errors="0">
  <testcase name="TC_TCIB_Discover_004" time="45.588" classname="com.temenos.testscripts.DiscoverNewTest"/>
</testsuite> <!-- com.temenos.testscripts.DiscoverNewTest -->
