<?xml version="1.0" encoding="UTF-8"?>
<!-- Generated by org.testng.reporters.JUnitReportReporter -->
<testsuite hostname="aspire1437" name="com.temenos.testscripts.AllAccountsTest" tests="2" failures="1" timestamp="20 Nov 2017 18:50:48 GMT" time="598.013" errors="0">
  <testcase name="TC_TCIB_AllAccount_006" time="367.017" classname="com.temenos.testscripts.AllAccountsTest"/>
  <testcase name="TC_TCIB_AllAccount_007" time="230.996" classname="com.temenos.testscripts.AllAccountsTest">
    <failure type="java.lang.AssertionError" message="Actual : Test Failed. Check the steps above in red color.">
      <![CDATA[java.lang.AssertionError: Actual : Test Failed. Check the steps above in red color.
	at org.testng.Assert.fail(Assert.java:94)
	at com.temenos.support.Log.fail(Log.java:554)
	at com.temenos.support.Log.testCaseResult(Log.java:248)
	at com.temenos.testscripts.AllAccountsTest.TC_TCIB_AllAccount_007(AllAccountsTest.java:410)
	at sun.reflect.NativeMethodAccessorImpl.invoke0(Native Method)
	at sun.reflect.NativeMethodAccessorImpl.invoke(Unknown Source)
	at sun.reflect.DelegatingMethodAccessorImpl.invoke(Unknown Source)
	at java.lang.reflect.Method.invoke(Unknown Source)
	at org.testng.internal.MethodInvocationHelper.invokeMethod(MethodInvocationHelper.java:85)
	at org.testng.internal.Invoker.invokeMethod(Invoker.java:659)
	at org.testng.internal.Invoker.invokeTestMethod(Invoker.java:845)
	at org.testng.internal.TestMethodWithDataProviderMethodWorker.call(TestMethodWithDataProviderMethodWorker.java:75)
	at org.testng.internal.TestMethodWithDataProviderMethodWorker.call(TestMethodWithDataProviderMethodWorker.java:14)
	at java.util.concurrent.FutureTask.run(Unknown Source)
	at java.util.concurrent.Executors$RunnableAdapter.call(Unknown Source)
	at java.util.concurrent.FutureTask.run(Unknown Source)
	at java.util.concurrent.ThreadPoolExecutor.runWorker(Unknown Source)
	at java.util.concurrent.ThreadPoolExecutor$Worker.run(Unknown Source)
	at java.lang.Thread.run(Unknown Source)
]]>
    </failure>
  </testcase> <!-- TC_TCIB_AllAccount_007 -->
</testsuite> <!-- com.temenos.testscripts.AllAccountsTest -->
