<?xml version="1.0" encoding="UTF-8"?>
<!-- Generated by org.testng.reporters.JUnitReportReporter -->
<testsuite hostname="aspire1437" name="com.temenos.testscripts.DepositTest" tests="4" failures="0" timestamp="20 Nov 2017 18:50:48 GMT" time="591.850" errors="0">
  <testcase name="TC_TCIB_DEPOSIT_001" time="140.622" classname="com.temenos.testscripts.DepositTest"/>
  <testcase name="TC_TCIB_DEPOSIT_003" time="145.821" classname="com.temenos.testscripts.DepositTest"/>
  <testcase name="TC_TCIB_DEPOSIT_004" time="152.847" classname="com.temenos.testscripts.DepositTest"/>
  <testcase name="TC_TCIB_DEPOSIT_002" time="152.560" classname="com.temenos.testscripts.DepositTest"/>
</testsuite> <!-- com.temenos.testscripts.DepositTest -->
