<?xml version="1.0" encoding="UTF-8"?>
<!-- Generated by org.testng.reporters.JUnitReportReporter -->
<testsuite hostname="Pavi-PC" name="com.temenos.testscripts.PaymentTest" tests="1" failures="0" timestamp="9 Jan 2018 03:06:02 GMT" time="152.904" errors="0">
  <testcase name="TC_TCIB_PAYMENT_001" time="152.904" classname="com.temenos.testscripts.PaymentTest"/>
</testsuite> <!-- com.temenos.testscripts.PaymentTest -->
