<?xml version="1.0" encoding="UTF-8"?>
<!-- Generated by org.testng.reporters.JUnitReportReporter -->
<testsuite hostname="aspire1437" name="com.temenos.testscripts.DiscoverTest" tests="14" failures="0" timestamp="20 Nov 2017 18:50:48 GMT" time="1022.854" errors="0">
  <testcase name="TC_TCIB_Discover_014" time="79.561" classname="com.temenos.testscripts.DiscoverTest"/>
  <testcase name="TC_TCIB_Discover_002" time="30.493" classname="com.temenos.testscripts.DiscoverTest"/>
  <testcase name="TC_TCIB_Discover_023" time="71.171" classname="com.temenos.testscripts.DiscoverTest"/>
  <testcase name="TC_TCIB_Discover_020" time="81.717" classname="com.temenos.testscripts.DiscoverTest"/>
  <testcase name="TC_TCIB_Discover_025" time="124.341" classname="com.temenos.testscripts.DiscoverTest"/>
  <testcase name="TC_TCIB_Discover_001" time="31.898" classname="com.temenos.testscripts.DiscoverTest"/>
  <testcase name="TC_TCIB_Discover_022" time="77.976" classname="com.temenos.testscripts.DiscoverTest"/>
  <testcase name="TC_TCIB_Discover_003" time="32.890" classname="com.temenos.testscripts.DiscoverTest"/>
  <testcase name="TC_TCIB_Discover_024" time="72.897" classname="com.temenos.testscripts.DiscoverTest"/>
  <testcase name="TC_TCIB_Discover_026" time="73.050" classname="com.temenos.testscripts.DiscoverTest"/>
  <testcase name="TC_TCIB_Discover_021" time="77.709" classname="com.temenos.testscripts.DiscoverTest"/>
  <testcase name="TC_TCIB_Discover_013" time="114.249" classname="com.temenos.testscripts.DiscoverTest"/>
  <testcase name="TC_TCIB_Discover_019" time="77.696" classname="com.temenos.testscripts.DiscoverTest"/>
  <testcase name="TC_TCIB_Discover_018" time="77.206" classname="com.temenos.testscripts.DiscoverTest"/>
</testsuite> <!-- com.temenos.testscripts.DiscoverTest -->
