<?xml version="1.0" encoding="UTF-8"?>
<!-- Generated by org.testng.reporters.JUnitReportReporter -->
<testsuite hostname="aspire1115" name="com.temenos.customization.CustomizationTestScripts" tests="1" failures="1" timestamp="9 Nov 2017 06:12:03 GMT" time="0.052" errors="0">
  <testcase name="TC_TCIB_ManagePayees010" time="0.052" classname="com.temenos.customization.CustomizationTestScripts">
    <failure type="java.lang.AssertionError" message="Test Failed. Check the steps above in red color.">
      <![CDATA[java.lang.AssertionError: Test Failed. Check the steps above in red color.
	at org.testng.Assert.fail(Assert.java:94)
	at com.temenos.support.Log.fail(Log.java:447)
	at com.temenos.support.Log.testCaseResult(Log.java:220)
	at com.temenos.customization.CustomizationTestScripts.TC_TCIB_ManagePayees010(CustomizationTestScripts.java:102)
	at sun.reflect.NativeMethodAccessorImpl.invoke0(Native Method)
	at sun.reflect.NativeMethodAccessorImpl.invoke(Unknown Source)
	at sun.reflect.DelegatingMethodAccessorImpl.invoke(Unknown Source)
	at java.lang.reflect.Method.invoke(Unknown Source)
	at org.testng.internal.MethodInvocationHelper.invokeMethod(MethodInvocationHelper.java:85)
	at org.testng.internal.Invoker.invokeMethod(Invoker.java:659)
	at org.testng.internal.Invoker.invokeTestMethod(Invoker.java:845)
	at org.testng.internal.TestMethodWithDataProviderMethodWorker.call(TestMethodWithDataProviderMethodWorker.java:75)
	at org.testng.internal.TestMethodWithDataProviderMethodWorker.call(TestMethodWithDataProviderMethodWorker.java:14)
	at java.util.concurrent.FutureTask.run(Unknown Source)
	at java.util.concurrent.Executors$RunnableAdapter.call(Unknown Source)
	at java.util.concurrent.FutureTask.run(Unknown Source)
	at java.util.concurrent.ThreadPoolExecutor.runWorker(Unknown Source)
	at java.util.concurrent.ThreadPoolExecutor$Worker.run(Unknown Source)
	at java.lang.Thread.run(Unknown Source)
]]>
    </failure>
  </testcase> <!-- TC_TCIB_ManagePayees010 -->
</testsuite> <!-- com.temenos.customization.CustomizationTestScripts -->
